[debug] [2023-07-29T05:29:23.516Z] ----------------------------------------------------------------------
[debug] [2023-07-29T05:29:23.521Z] Command:       /usr/bin/node /usr/bin/firebase init
[debug] [2023-07-29T05:29:23.522Z] CLI Version:   12.4.6
[debug] [2023-07-29T05:29:23.523Z] Platform:      linux
[debug] [2023-07-29T05:29:23.524Z] Node Version:  v18.17.0
[debug] [2023-07-29T05:29:23.525Z] Time:          Sat Jul 29 2023 10:59:23 GMT+0530 (India Standard Time)
[debug] [2023-07-29T05:29:23.526Z] ----------------------------------------------------------------------
[debug] 
[debug] [2023-07-29T05:29:23.542Z] > command requires scopes: ["email","openid","https://www.googleapis.com/auth/cloudplatformprojects.readonly","https://www.googleapis.com/auth/firebase","https://www.googleapis.com/auth/cloud-platform"]
[debug] [2023-07-29T05:29:23.543Z] > authorizing via signed-in user (jacksparrow.pearl99@gmail.com)
[info] 
     ######## #### ########  ######## ########     ###     ######  ########
     ##        ##  ##     ## ##       ##     ##  ##   ##  ##       ##
     ######    ##  ########  ######   ########  #########  ######  ######
     ##        ##  ##    ##  ##       ##     ## ##     ##       ## ##
     ##       #### ##     ## ######## ########  ##     ##  ######  ########

You're about to initialize a Firebase project in this directory:

  /home/saravana/Documents/sara

[info] 
=== Project Setup
[info] 
[info] First, let's associate this project directory with a Firebase project.
[info] You can create multiple project aliases by running firebase use --add, 
[info] but for now we'll just set up a default project.
[info] 
[debug] [2023-07-29T05:29:33.557Z] > refreshing access token with scopes: []
[debug] [2023-07-29T05:29:33.562Z] >>> [apiv2][query] POST https://www.googleapis.com/oauth2/v3/token [none]
[debug] [2023-07-29T05:29:33.563Z] >>> [apiv2][body] POST https://www.googleapis.com/oauth2/v3/token [omitted]
[debug] [2023-07-29T05:29:34.075Z] <<< [apiv2][status] POST https://www.googleapis.com/oauth2/v3/token 200
[debug] [2023-07-29T05:29:34.076Z] <<< [apiv2][body] POST https://www.googleapis.com/oauth2/v3/token [omitted]
[debug] [2023-07-29T05:29:34.082Z] >>> [apiv2][query] GET https://firebase.googleapis.com/v1beta1/projects pageSize=100
[debug] [2023-07-29T05:29:34.991Z] <<< [apiv2][status] GET https://firebase.googleapis.com/v1beta1/projects 200
[debug] [2023-07-29T05:29:34.991Z] <<< [apiv2][body] GET https://firebase.googleapis.com/v1beta1/projects [omitted]
[info] i  Using project fir-template-85dd9 (demo-template) 
[info] 
=== Hosting Setup
[info] 
[info] Your public directory is the folder (relative to your project directory) that
[info] will contain Hosting assets to be uploaded with firebase deploy. If you
[info] have a build process for your assets, use your build's output directory.
[info] 
[debug] [2023-07-29T05:29:58.453Z] >>> [apiv2][query] GET https://www.gstatic.com/firebasejs/releases.json [none]
[debug] [2023-07-29T05:46:08.349Z] *** [apiv2] error from fetch(https://www.gstatic.com/firebasejs/releases.json, {"headers":{},"method":"GET"}): FetchError: request to https://www.gstatic.com/firebasejs/releases.json failed, reason: read ETIMEDOUT
[debug] [2023-07-29T05:46:13.362Z] Error: Timed out.
    at Timeout._onTimeout (/usr/lib/node_modules/firebase-tools/lib/utils.js:254:49)
    at listOnTimeout (node:internal/timers:569:17)
    at process.processTimers (node:internal/timers:512:7)
[error] 
[error] Error: An unexpected error has occurred.
